[26Apr2025 00:02:41.646] [Server thread/INFO] [net.minecraft.server.MinecraftServer/]: [Not Secure] <ElkinQB> a
[26Apr2025 00:02:45.500] [Server thread/INFO] [net.minecraft.server.MinecraftServer/]: [Not Secure] <ElkinQB> aaaaaa a
[26Apr2025 00:02:48.522] [Server thread/INFO] [net.minecraft.server.MinecraftServer/]: [Not Secure] <ElkinQB> rxas
[26Apr2025 00:02:56.163] [Server thread/INFO] [net.minecraft.server.MinecraftServer/]: [Not Secure] <ElkinQB> . . . . . . . .
[26Apr2025 00:06:32.110] [Server thread/INFO] [net.minecraft.server.players.PlayerList/]: Johny[/127.137.193.69:51729] logged in with entity id 4166 at (4.992208481138122, 37.0, 54.259913035560004)
[26Apr2025 00:06:32.124] [Server thread/INFO] [net.minecraft.server.MinecraftServer/]: Johny joined the game
[26Apr2025 00:06:37.672] [Server thread/INFO] [net.minecraft.server.MinecraftServer/]: [Not Secure] <Johny> ola
[26Apr2025 00:06:46.377] [Server thread/INFO] [net.minecraft.server.MinecraftServer/]: [Not Secure] <ElkinQB> hola
[26Apr2025 00:06:48.332] [Server thread/INFO] [net.minecraft.server.MinecraftServer/]: [Not Secure] <ElkinQB> al fin
[26Apr2025 00:07:00.015] [Server thread/INFO] [net.minecraft.server.MinecraftServer/]: [Not Secure] <ElkinQB> ya tnego los ojos
[26Apr2025 00:07:05.319] [Server thread/INFO] [net.minecraft.server.MinecraftServer/]: [Not Secure] <Johny> wacucha los audiso
[26Apr2025 00:07:23.376] [Server thread/INFO] [net.minecraft.server.MinecraftServer/]: [Not Secure] <ElkinQB> oki pasame tu cord para ver si estas cerca del otro portal
[26Apr2025 00:08:12.921] [Server thread/INFO] [net.minecraft.server.MinecraftServer/]: [Not Secure] <ElkinQB> escucha el audio
[26Apr2025 00:08:27.273] [Server thread/INFO] [net.minecraft.server.MinecraftServer/]: [Not Secure] <Johny> ya
[26Apr2025 00:09:03.013] [Server thread/INFO] [net.minecraft.server.MinecraftServer/]: [Not Secure] <ElkinQB> ya te caigo
[26Apr2025 00:09:06.404] [Server thread/INFO] [net.minecraft.server.MinecraftServer/]: [Not Secure] <Johny> oki
[26Apr2025 00:09:48.052] [Server thread/INFO] [net.minecraft.server.MinecraftServer/]: [Not Secure] <ElkinQB> altura?
[26Apr2025 00:09:57.535] [Server thread/INFO] [net.minecraft.server.MinecraftServer/]: [Not Secure] <Johny> 60
[26Apr2025 00:10:45.814] [Server thread/INFO] [net.minecraft.server.MinecraftServer/]: [Not Secure] <ElkinQB> aca
[26Apr2025 00:10:46.859] [Server thread/INFO] [net.minecraft.server.MinecraftServer/]: [Not Secure] <ElkinQB> mira
[26Apr2025 00:10:48.405] [Server thread/INFO] [net.minecraft.server.MinecraftServer/]: [Not Secure] <ElkinQB> atras
[26Apr2025 00:10:50.112] [Server thread/INFO] [net.minecraft.server.MinecraftServer/]: [Not Secure] <ElkinQB> tuyo
[26Apr2025 00:11:14.026] [Server thread/INFO] [net.minecraft.server.MinecraftServer/]: [Not Secure] <Johny> no teveo
[26Apr2025 00:11:24.725] [Server thread/INFO] [net.minecraft.server.MinecraftServer/]: [Not Secure] <ElkinQB> oe aca
[26Apr2025 00:11:33.373] [Server thread/INFO] [net.minecraft.server.MinecraftServer/]: [Not Secure] <ElkinQB> atras abajo
[26Apr2025 00:11:38.358] [Server thread/INFO] [net.minecraft.server.MinecraftServer/]: [Not Secure] <Johny> aca donden
[26Apr2025 00:11:39.952] [Server thread/INFO] [net.minecraft.server.MinecraftServer/]: [Not Secure] <ElkinQB> atras
[26Apr2025 00:11:42.763] [Server thread/INFO] [net.minecraft.server.MinecraftServer/]: [Not Secure] <ElkinQB> aaca
[26Apr2025 00:12:01.851] [Server thread/INFO] [net.minecraft.server.MinecraftServer/]: [Not Secure] <ElkinQB> ven q me quede in bloques
[26Apr2025 00:12:06.002] [Server thread/INFO] [net.minecraft.server.MinecraftServer/]: [Not Secure] <ElkinQB> como mrd llegastes aca
[26Apr2025 00:12:06.551] [Server thread/INFO] [net.minecraft.server.MinecraftServer/]: [Not Secure] <Johny> yo tmb
[26Apr2025 00:12:12.260] [Server thread/INFO] [net.minecraft.server.MinecraftServer/]: [Not Secure] <Johny> ni yo se
[26Apr2025 00:12:52.748] [Server thread/INFO] [net.minecraft.server.MinecraftServer/]: [Not Secure] <ElkinQB> sube
[26Apr2025 00:13:03.680] [Server thread/INFO] [net.minecraft.server.MinecraftServer/]: [Not Secure] <ElkinQB> ven
[26Apr2025 00:16:53.281] [Server thread/INFO] [net.minecraft.server.MinecraftServer/]: [Not Secure] <ElkinQB> aca
[26Apr2025 00:17:23.512] [Server thread/INFO] [net.minecraft.server.MinecraftServer/]: [Not Secure] <ElkinQB> toma te doy el honor
[26Apr2025 00:17:40.863] [Server thread/INFO] [net.minecraft.server.MinecraftServer/]: [Not Secure] <ElkinQB> vamos
[26Apr2025 00:17:43.058] [Server thread/INFO] [net.minecraft.server.MinecraftServer/]: ElkinQB has made the advancement [The End?]
[26Apr2025 00:17:43.085] [Server thread/INFO] [net.minecraft.server.MinecraftServer/]: Johny has made the advancement [The End?]
[26Apr2025 00:17:47.267] [Server thread/WARN] [net.minecraft.server.MinecraftServer/]: Can't keep up! Is the server overloaded? Running 5078ms or 101 ticks behind
[26Apr2025 00:17:47.379] [Server thread/WARN] [net.minecraft.server.network.ServerGamePacketListenerImpl/]: Johny moved too quickly! 1502.8515673425723,59.39260454995134,1660.6233444395205
[26Apr2025 00:17:49.933] [Server thread/INFO] [net.minecraft.world.level.dimension.end.EndDragonFight/]: Scanning for legacy world dragon fight...
[26Apr2025 00:17:50.011] [Server thread/INFO] [net.minecraft.world.level.dimension.end.EndDragonFight/]: Found that the dragon has not yet been killed in this world.
[26Apr2025 00:17:52.337] [Server thread/INFO] [net.minecraft.server.MinecraftServer/]: [Not Secure] <ElkinQB> lindo
[26Apr2025 00:18:17.865] [Server thread/INFO] [net.minecraft.server.MinecraftServer/]: [Not Secure] <ElkinQB> mira
[26Apr2025 00:19:30.530] [Server thread/INFO] [net.minecraft.server.MinecraftServer/]: [Not Secure] <ElkinQB> estan todos
[26Apr2025 00:20:07.060] [Server thread/INFO] [net.minecraft.server.MinecraftServer/]: [Not Secure] <ElkinQB> oe mi barco
[26Apr2025 00:20:20.744] [Server thread/INFO] [net.minecraft.server.MinecraftServer/]: [Not Secure] <ElkinQB> mi arco
[26Apr2025 00:20:29.370] [Server thread/INFO] [net.minecraft.server.MinecraftServer/]: [Not Secure] <Johny> qvrg
[26Apr2025 00:20:31.467] [Server thread/INFO] [net.minecraft.server.MinecraftServer/]: [Not Secure] <ElkinQB> barco
[26Apr2025 00:20:35.244] [Server thread/INFO] [net.minecraft.server.MinecraftServer/]: [Not Secure] <ElkinQB> barco
[26Apr2025 00:23:43.253] [Server thread/INFO] [net.minecraft.server.MinecraftServer/]: Johny has made the advancement [Free the End]
[26Apr2025 00:23:46.016] [Server thread/INFO] [net.minecraft.server.MinecraftServer/]: [Not Secure] <ElkinQB> ezzz
[26Apr2025 00:23:47.745] [Server thread/INFO] [net.minecraft.server.MinecraftServer/]: [Not Secure] <ElkinQB> zzzzzzzz
[26Apr2025 00:23:53.181] [Server thread/INFO] [net.minecraft.server.MinecraftServer/]: [Not Secure] <Johny> <zzzzzzzzzzzz
[26Apr2025 00:26:23.806] [Server thread/INFO] [net.minecraft.server.MinecraftServer/]: [Not Secure] <ElkinQB> toma
[26Apr2025 00:26:49.263] [Server thread/INFO] [net.minecraft.server.MinecraftServer/]: [Not Secure] <ElkinQB> vamos por elitras
[26Apr2025 00:26:55.893] [Server thread/INFO] [net.minecraft.server.MinecraftServer/]: [Not Secure] <Johny> vamos
[26Apr2025 00:27:44.094] [Server thread/INFO] [net.minecraft.server.MinecraftServer/]: [Not Secure] <ElkinQB> ontas
[26Apr2025 00:28:52.759] [Server thread/INFO] [net.minecraft.server.MinecraftServer/]: [Not Secure] <ElkinQB> ven
[26Apr2025 00:29:09.565] [Server thread/INFO] [net.minecraft.server.MinecraftServer/]: Johny has made the advancement [Remote Getaway]
[26Apr2025 00:29:20.053] [Server thread/INFO] [net.minecraft.server.MinecraftServer/]: [Not Secure] <ElkinQB> por casi muero
[26Apr2025 00:29:32.599] [Server thread/INFO] [net.minecraft.server.MinecraftServer/]: ElkinQB has made the advancement [Remote Getaway]
[26Apr2025 00:29:34.663] [Server thread/INFO] [net.minecraft.server.MinecraftServer/]: [Not Secure] <Johny> xd
[26Apr2025 00:30:15.695] [Server thread/INFO] [net.minecraft.server.MinecraftServer/]: [Not Secure] <ElkinQB> no te veo
[26Apr2025 00:30:38.816] [Server thread/INFO] [net.minecraft.server.MinecraftServer/]: [Not Secure] <ElkinQB> toma cord
[26Apr2025 00:30:49.819] [Server thread/INFO] [net.minecraft.server.MinecraftServer/]: [Not Secure] <ElkinQB> -367 61 101
[26Apr2025 00:30:58.528] [Server thread/INFO] [net.minecraft.server.MinecraftServer/]: [Not Secure] <Johny> ya
[26Apr2025 00:31:09.309] [Server thread/INFO] [net.minecraft.server.MinecraftServer/]: [Not Secure] <ElkinQB> ven
[26Apr2025 00:33:39.984] [Server thread/INFO] [net.minecraft.server.MinecraftServer/]: [Not Secure] <ElkinQB> llega o no?
[26Apr2025 00:33:47.019] [Server thread/INFO] [net.minecraft.server.MinecraftServer/]: [Not Secure] <Johny> no she
[26Apr2025 00:33:53.705] [Server thread/INFO] [net.minecraft.server.MinecraftServer/]: [Not Secure] <ElkinQB> mira
[26Apr2025 00:35:31.498] [Server thread/INFO] [net.minecraft.server.MinecraftServer/]: [Not Secure] <ElkinQB> valimos pito no trajimos cohetes
[26Apr2025 00:35:38.215] [Server thread/INFO] [net.minecraft.server.MinecraftServer/]: [Not Secure] <Johny> tljjjjj oe jajajja
[26Apr2025 00:35:49.850] [Server thread/INFO] [net.minecraft.server.MinecraftServer/]: [Not Secure] <ElkinQB> deja me subo los chuns
[26Apr2025 00:35:58.914] [Server thread/INFO] [net.minecraft.server.MinecraftServer/]: [Not Secure] <Johny> oki
[26Apr2025 00:37:26.697] [Server thread/INFO] [net.minecraft.server.MinecraftServer/]: [Not Secure] <ElkinQB> xd
[26Apr2025 00:37:43.371] [Server thread/INFO] [net.minecraft.server.MinecraftServer/]: [Not Secure] <ElkinQB> uff
[26Apr2025 00:38:03.994] [Server thread/WARN] [net.minecraft.server.network.ServerGamePacketListenerImpl/]: Johny was kicked for floating too long!
[26Apr2025 00:38:04.045] [Server thread/INFO] [net.minecraft.server.network.ServerGamePacketListenerImpl/]: Johny lost connection: Flying is not enabled on this server
[26Apr2025 00:38:04.046] [Server thread/INFO] [net.minecraft.server.MinecraftServer/]: Johny left the game
[26Apr2025 00:38:04.179] [Server thread/INFO] [net.minecraft.server.MinecraftServer/]: [Not Secure] <ElkinQB> jajajaj
[26Apr2025 00:38:05.984] [Server thread/INFO] [net.minecraft.server.MinecraftServer/]: [Not Secure] <ElkinQB> xdddd
